2018-07-10 20:30:30,223 ERROR: Exception on /index [GET] [in /home/jsen/anaconda3/envs/flask-site/lib/python3.6/site-packages/flask/app.py:1560]
Traceback (most recent call last):
  File "/home/jsen/anaconda3/envs/flask-site/lib/python3.6/site-packages/flask/app.py", line 1982, in wsgi_app
    response = self.full_dispatch_request()
  File "/home/jsen/anaconda3/envs/flask-site/lib/python3.6/site-packages/flask/app.py", line 1614, in full_dispatch_request
    rv = self.handle_user_exception(e)
  File "/home/jsen/anaconda3/envs/flask-site/lib/python3.6/site-packages/flask/app.py", line 1517, in handle_user_exception
    reraise(exc_type, exc_value, tb)
  File "/home/jsen/anaconda3/envs/flask-site/lib/python3.6/site-packages/flask/_compat.py", line 33, in reraise
    raise value
  File "/home/jsen/anaconda3/envs/flask-site/lib/python3.6/site-packages/flask/app.py", line 1612, in full_dispatch_request
    rv = self.dispatch_request()
  File "/home/jsen/anaconda3/envs/flask-site/lib/python3.6/site-packages/flask/app.py", line 1598, in dispatch_request
    return self.view_functions[rule.endpoint](**req.view_args)
  File "/home/jsen/repos/microblog/app/main/routes.py", line 12, in index
    return render_template('index.html', title='Home')
  File "/home/jsen/anaconda3/envs/flask-site/lib/python3.6/site-packages/flask/templating.py", line 134, in render_template
    context, ctx.app)
  File "/home/jsen/anaconda3/envs/flask-site/lib/python3.6/site-packages/flask/templating.py", line 116, in _render
    rv = template.render(context)
  File "/home/jsen/anaconda3/envs/flask-site/lib/python3.6/site-packages/jinja2/asyncsupport.py", line 76, in render
    return original_render(self, *args, **kwargs)
  File "/home/jsen/anaconda3/envs/flask-site/lib/python3.6/site-packages/jinja2/environment.py", line 1008, in render
    return self.environment.handle_exception(exc_info, True)
  File "/home/jsen/anaconda3/envs/flask-site/lib/python3.6/site-packages/jinja2/environment.py", line 780, in handle_exception
    reraise(exc_type, exc_value, tb)
  File "/home/jsen/anaconda3/envs/flask-site/lib/python3.6/site-packages/jinja2/_compat.py", line 37, in reraise
    raise value.with_traceback(tb)
  File "/home/jsen/repos/microblog/app/templates/index.html", line 1, in top-level template code
    {% extends "base.html" %}
  File "/home/jsen/repos/microblog/app/templates/base.html", line 1, in top-level template code
    {% extends 'bootstrap/base.html' %}
  File "/home/jsen/anaconda3/envs/flask-site/lib/python3.6/site-packages/flask/templating.py", line 57, in get_source
    return self._get_source_fast(environment, template)
  File "/home/jsen/anaconda3/envs/flask-site/lib/python3.6/site-packages/flask/templating.py", line 85, in _get_source_fast
    raise TemplateNotFound(template)
jinja2.exceptions.TemplateNotFound: bootstrap/base.html
2018-07-10 20:30:30,226 ERROR: Exception on /index [GET] [in /home/jsen/anaconda3/envs/flask-site/lib/python3.6/site-packages/flask/app.py:1560]
Traceback (most recent call last):
  File "/home/jsen/anaconda3/envs/flask-site/lib/python3.6/site-packages/flask/app.py", line 1982, in wsgi_app
    response = self.full_dispatch_request()
  File "/home/jsen/anaconda3/envs/flask-site/lib/python3.6/site-packages/flask/app.py", line 1614, in full_dispatch_request
    rv = self.handle_user_exception(e)
  File "/home/jsen/anaconda3/envs/flask-site/lib/python3.6/site-packages/flask/app.py", line 1517, in handle_user_exception
    reraise(exc_type, exc_value, tb)
  File "/home/jsen/anaconda3/envs/flask-site/lib/python3.6/site-packages/flask/_compat.py", line 33, in reraise
    raise value
  File "/home/jsen/anaconda3/envs/flask-site/lib/python3.6/site-packages/flask/app.py", line 1612, in full_dispatch_request
    rv = self.dispatch_request()
  File "/home/jsen/anaconda3/envs/flask-site/lib/python3.6/site-packages/flask/app.py", line 1598, in dispatch_request
    return self.view_functions[rule.endpoint](**req.view_args)
  File "/home/jsen/repos/microblog/app/main/routes.py", line 12, in index
    return render_template('index.html', title='Home')
  File "/home/jsen/anaconda3/envs/flask-site/lib/python3.6/site-packages/flask/templating.py", line 134, in render_template
    context, ctx.app)
  File "/home/jsen/anaconda3/envs/flask-site/lib/python3.6/site-packages/flask/templating.py", line 116, in _render
    rv = template.render(context)
  File "/home/jsen/anaconda3/envs/flask-site/lib/python3.6/site-packages/jinja2/asyncsupport.py", line 76, in render
    return original_render(self, *args, **kwargs)
  File "/home/jsen/anaconda3/envs/flask-site/lib/python3.6/site-packages/jinja2/environment.py", line 1008, in render
    return self.environment.handle_exception(exc_info, True)
  File "/home/jsen/anaconda3/envs/flask-site/lib/python3.6/site-packages/jinja2/environment.py", line 780, in handle_exception
    reraise(exc_type, exc_value, tb)
  File "/home/jsen/anaconda3/envs/flask-site/lib/python3.6/site-packages/jinja2/_compat.py", line 37, in reraise
    raise value.with_traceback(tb)
  File "/home/jsen/repos/microblog/app/templates/index.html", line 1, in top-level template code
    {% extends "base.html" %}
  File "/home/jsen/repos/microblog/app/templates/base.html", line 1, in top-level template code
    {% extends 'bootstrap/base.html' %}
  File "/home/jsen/anaconda3/envs/flask-site/lib/python3.6/site-packages/flask/templating.py", line 57, in get_source
    return self._get_source_fast(environment, template)
  File "/home/jsen/anaconda3/envs/flask-site/lib/python3.6/site-packages/flask/templating.py", line 85, in _get_source_fast
    raise TemplateNotFound(template)
jinja2.exceptions.TemplateNotFound: bootstrap/base.html
2018-07-10 20:30:30,232 ERROR: Exception on /index [GET] [in /home/jsen/anaconda3/envs/flask-site/lib/python3.6/site-packages/flask/app.py:1560]
Traceback (most recent call last):
  File "/home/jsen/anaconda3/envs/flask-site/lib/python3.6/site-packages/flask/app.py", line 1982, in wsgi_app
    response = self.full_dispatch_request()
  File "/home/jsen/anaconda3/envs/flask-site/lib/python3.6/site-packages/flask/app.py", line 1614, in full_dispatch_request
    rv = self.handle_user_exception(e)
  File "/home/jsen/anaconda3/envs/flask-site/lib/python3.6/site-packages/flask/app.py", line 1517, in handle_user_exception
    reraise(exc_type, exc_value, tb)
  File "/home/jsen/anaconda3/envs/flask-site/lib/python3.6/site-packages/flask/_compat.py", line 33, in reraise
    raise value
  File "/home/jsen/anaconda3/envs/flask-site/lib/python3.6/site-packages/flask/app.py", line 1612, in full_dispatch_request
    rv = self.dispatch_request()
  File "/home/jsen/anaconda3/envs/flask-site/lib/python3.6/site-packages/flask/app.py", line 1598, in dispatch_request
    return self.view_functions[rule.endpoint](**req.view_args)
  File "/home/jsen/repos/microblog/app/main/routes.py", line 12, in index
    return render_template('index.html', title='Home')
  File "/home/jsen/anaconda3/envs/flask-site/lib/python3.6/site-packages/flask/templating.py", line 134, in render_template
    context, ctx.app)
  File "/home/jsen/anaconda3/envs/flask-site/lib/python3.6/site-packages/flask/templating.py", line 116, in _render
    rv = template.render(context)
  File "/home/jsen/anaconda3/envs/flask-site/lib/python3.6/site-packages/jinja2/asyncsupport.py", line 76, in render
    return original_render(self, *args, **kwargs)
  File "/home/jsen/anaconda3/envs/flask-site/lib/python3.6/site-packages/jinja2/environment.py", line 1008, in render
    return self.environment.handle_exception(exc_info, True)
  File "/home/jsen/anaconda3/envs/flask-site/lib/python3.6/site-packages/jinja2/environment.py", line 780, in handle_exception
    reraise(exc_type, exc_value, tb)
  File "/home/jsen/anaconda3/envs/flask-site/lib/python3.6/site-packages/jinja2/_compat.py", line 37, in reraise
    raise value.with_traceback(tb)
  File "/home/jsen/repos/microblog/app/templates/index.html", line 1, in top-level template code
    {% extends "base.html" %}
  File "/home/jsen/repos/microblog/app/templates/base.html", line 1, in top-level template code
    {% extends 'bootstrap/base.html' %}
  File "/home/jsen/anaconda3/envs/flask-site/lib/python3.6/site-packages/flask/templating.py", line 57, in get_source
    return self._get_source_fast(environment, template)
  File "/home/jsen/anaconda3/envs/flask-site/lib/python3.6/site-packages/flask/templating.py", line 85, in _get_source_fast
    raise TemplateNotFound(template)
jinja2.exceptions.TemplateNotFound: bootstrap/base.html
